  [1m[35m (612.3ms)[0m  [1m[35mCREATE DATABASE "birthday_api_development" ENCODING = 'unicode'[0m
  [1m[35m (246.1ms)[0m  [1m[35mCREATE DATABASE "birthday_api_test" ENCODING = 'unicode'[0m
  [1m[35m (46.0ms)[0m  [1m[35mCREATE TABLE "schema_migrations" ("version" character varying NOT NULL PRIMARY KEY)[0m
  [1m[35m (7.5ms)[0m  [1m[35mCREATE TABLE "ar_internal_metadata" ("key" character varying NOT NULL PRIMARY KEY, "value" character varying, "created_at" timestamp(6) NOT NULL, "updated_at" timestamp(6) NOT NULL)[0m
  [1m[35m (0.8ms)[0m  [1m[34mSELECT pg_try_advisory_lock(6863152751005356330)[0m
  [1m[35m (0.9ms)[0m  [1m[34mSELECT "schema_migrations"."version" FROM "schema_migrations" ORDER BY "schema_migrations"."version" ASC[0m
Migrating to CreateBirthdays (20200403144253)
  [1m[35m (0.3ms)[0m  [1m[35mBEGIN[0m
  [1m[35m (11.3ms)[0m  [1m[35mCREATE TABLE "birthdays" ("id" bigserial primary key, "name" character varying, "dob" character varying, "relationship" character varying, "gift" character varying, "created_at" timestamp(6) NOT NULL, "updated_at" timestamp(6) NOT NULL)[0m
  [1m[36mprimary::SchemaMigration Create (0.7ms)[0m  [1m[32mINSERT INTO "schema_migrations" ("version") VALUES ($1) RETURNING "version"[0m  [["version", "20200403144253"]]
  [1m[35m (0.7ms)[0m  [1m[35mCOMMIT[0m
Migrating to CreateGifts (20200403144621)
  [1m[35m (0.4ms)[0m  [1m[35mBEGIN[0m
  [1m[35m (6.7ms)[0m  [1m[35mCREATE TABLE "gifts" ("id" bigserial primary key, "name" character varying, "sender" character varying, "price" integer, "created_at" timestamp(6) NOT NULL, "updated_at" timestamp(6) NOT NULL)[0m
  [1m[36mprimary::SchemaMigration Create (0.4ms)[0m  [1m[32mINSERT INTO "schema_migrations" ("version") VALUES ($1) RETURNING "version"[0m  [["version", "20200403144621"]]
  [1m[35m (0.6ms)[0m  [1m[35mCOMMIT[0m
Migrating to AddForeignKey (20200403144735)
  [1m[35m (0.8ms)[0m  [1m[35mBEGIN[0m
  [1m[35m (0.7ms)[0m  [1m[35mALTER TABLE "gifts" ADD "birthday_id" integer[0m
  [1m[36mprimary::SchemaMigration Create (0.5ms)[0m  [1m[32mINSERT INTO "schema_migrations" ("version") VALUES ($1) RETURNING "version"[0m  [["version", "20200403144735"]]
  [1m[35m (1.7ms)[0m  [1m[35mCOMMIT[0m
  [1m[36mActiveRecord::InternalMetadata Load (0.6ms)[0m  [1m[34mSELECT "ar_internal_metadata".* FROM "ar_internal_metadata" WHERE "ar_internal_metadata"."key" = $1 LIMIT $2[0m  [["key", "environment"], ["LIMIT", 1]]
  [1m[35m (0.1ms)[0m  [1m[35mBEGIN[0m
  [1m[36mActiveRecord::InternalMetadata Create (1.4ms)[0m  [1m[32mINSERT INTO "ar_internal_metadata" ("key", "value", "created_at", "updated_at") VALUES ($1, $2, $3, $4) RETURNING "key"[0m  [["key", "environment"], ["value", "development"], ["created_at", "2020-04-03 14:54:16.677869"], ["updated_at", "2020-04-03 14:54:16.677869"]]
  [1m[35m (0.9ms)[0m  [1m[35mCOMMIT[0m
  [1m[35m (0.8ms)[0m  [1m[34mSELECT pg_advisory_unlock(6863152751005356330)[0m
  [1m[35m (1.1ms)[0m  [1m[34mSELECT "schema_migrations"."version" FROM "schema_migrations" ORDER BY "schema_migrations"."version" ASC[0m
  [1m[35m (1.7ms)[0m  [1m[34mSELECT "schema_migrations"."version" FROM "schema_migrations" ORDER BY "schema_migrations"."version" ASC[0m
  [1m[35m (0.6ms)[0m  [1m[34mSELECT "schema_migrations"."version" FROM "schema_migrations" ORDER BY "schema_migrations"."version" ASC[0m
  [1m[35m (1.2ms)[0m  [1m[34mSELECT "schema_migrations"."version" FROM "schema_migrations" ORDER BY "schema_migrations"."version" ASC[0m
  [1m[35m (0.3ms)[0m  [1m[35mBEGIN[0m
  [1m[36mBirthday Create (2.7ms)[0m  [1m[32mINSERT INTO "birthdays" ("name", "dob", "relationship", "gift", "created_at", "updated_at") VALUES ($1, $2, $3, $4, $5, $6) RETURNING "id"[0m  [["name", "John"], ["dob", "19th-Aug-1966"], ["relationship", "friend"], ["gift", "MacBook"], ["created_at", "2020-04-03 15:03:41.582215"], ["updated_at", "2020-04-03 15:03:41.582215"]]
  [1m[35m (1.7ms)[0m  [1m[35mCOMMIT[0m
  [1m[35m (0.2ms)[0m  [1m[35mBEGIN[0m
  [1m[36mBirthday Create (0.4ms)[0m  [1m[32mINSERT INTO "birthdays" ("name", "dob", "relationship", "gift", "created_at", "updated_at") VALUES ($1, $2, $3, $4, $5, $6) RETURNING "id"[0m  [["name", "Xiaolin"], ["dob", "29th-June-1990"], ["relationship", "friend"], ["gift", "Computer"], ["created_at", "2020-04-03 15:03:41.596023"], ["updated_at", "2020-04-03 15:03:41.596023"]]
  [1m[35m (0.4ms)[0m  [1m[35mCOMMIT[0m
  [1m[35m (21.0ms)[0m  [1m[35mBEGIN[0m
  [1m[36mBirthday Create (2.6ms)[0m  [1m[32mINSERT INTO "birthdays" ("name", "dob", "relationship", "gift", "created_at", "updated_at") VALUES ($1, $2, $3, $4, $5, $6) RETURNING "id"[0m  [["name", "Eric"], ["dob", "19th-Aug-1966"], ["relationship", "friend"], ["gift", "MacBook"], ["created_at", "2020-04-03 15:03:41.612535"], ["updated_at", "2020-04-03 15:03:41.612535"]]
  [1m[35m (3.5ms)[0m  [1m[35mCOMMIT[0m
  [1m[35m (2.4ms)[0m  [1m[35mBEGIN[0m
  [1m[36mBirthday Create (11.3ms)[0m  [1m[32mINSERT INTO "birthdays" ("name", "dob", "relationship", "gift", "created_at", "updated_at") VALUES ($1, $2, $3, $4, $5, $6) RETURNING "id"[0m  [["name", "Matt"], ["dob", "29th-June-1990"], ["relationship", "friend"], ["gift", "Computer"], ["created_at", "2020-04-03 15:03:41.667699"], ["updated_at", "2020-04-03 15:03:41.667699"]]
  [1m[35m (0.4ms)[0m  [1m[35mCOMMIT[0m
  [1m[35m (0.2ms)[0m  [1m[35mBEGIN[0m
  [1m[36mBirthday Create (0.4ms)[0m  [1m[32mINSERT INTO "birthdays" ("name", "dob", "relationship", "gift", "created_at", "updated_at") VALUES ($1, $2, $3, $4, $5, $6) RETURNING "id"[0m  [["name", "Mary"], ["dob", "19th-Aug-1966"], ["relationship", "friend"], ["gift", "MacBook"], ["created_at", "2020-04-03 15:03:41.708944"], ["updated_at", "2020-04-03 15:03:41.708944"]]
  [1m[35m (5.0ms)[0m  [1m[35mCOMMIT[0m
  [1m[35m (0.2ms)[0m  [1m[35mBEGIN[0m
  [1m[36mBirthday Create (0.6ms)[0m  [1m[32mINSERT INTO "birthdays" ("name", "dob", "relationship", "gift", "created_at", "updated_at") VALUES ($1, $2, $3, $4, $5, $6) RETURNING "id"[0m  [["name", "Jack"], ["dob", "29th-June-1990"], ["relationship", "friend"], ["gift", "Computer"], ["created_at", "2020-04-03 15:03:41.721393"], ["updated_at", "2020-04-03 15:03:41.721393"]]
  [1m[35m (0.4ms)[0m  [1m[35mCOMMIT[0m
  [1m[35m (12.1ms)[0m  [1m[35mBEGIN[0m
  [1m[36mBirthday Load (1.1ms)[0m  [1m[34mSELECT "birthdays".* FROM "birthdays" WHERE "birthdays"."id" = $1 LIMIT $2[0m  [["id", 1], ["LIMIT", 1]]
  [1m[36mGift Create (18.8ms)[0m  [1m[32mINSERT INTO "gifts" ("name", "sender", "price", "created_at", "updated_at", "birthday_id") VALUES ($1, $2, $3, $4, $5, $6) RETURNING "id"[0m  [["name", "book1"], ["sender", "John"], ["price", 20], ["created_at", "2020-04-03 15:03:41.841885"], ["updated_at", "2020-04-03 15:03:41.841885"], ["birthday_id", 1]]
  [1m[35m (1.2ms)[0m  [1m[35mCOMMIT[0m
  [1m[35m (0.6ms)[0m  [1m[35mBEGIN[0m
  [1m[36mBirthday Load (0.4ms)[0m  [1m[34mSELECT "birthdays".* FROM "birthdays" WHERE "birthdays"."id" = $1 LIMIT $2[0m  [["id", 1], ["LIMIT", 1]]
  [1m[36mGift Create (1.1ms)[0m  [1m[32mINSERT INTO "gifts" ("name", "sender", "price", "created_at", "updated_at", "birthday_id") VALUES ($1, $2, $3, $4, $5, $6) RETURNING "id"[0m  [["name", "book2"], ["sender", "John"], ["price", 20], ["created_at", "2020-04-03 15:03:41.897010"], ["updated_at", "2020-04-03 15:03:41.897010"], ["birthday_id", 1]]
  [1m[35m (0.4ms)[0m  [1m[35mCOMMIT[0m
  [1m[35m (0.1ms)[0m  [1m[35mBEGIN[0m
  [1m[36mBirthday Load (0.2ms)[0m  [1m[34mSELECT "birthdays".* FROM "birthdays" WHERE "birthdays"."id" = $1 LIMIT $2[0m  [["id", 2], ["LIMIT", 1]]
  [1m[36mGift Create (0.3ms)[0m  [1m[32mINSERT INTO "gifts" ("name", "sender", "price", "created_at", "updated_at", "birthday_id") VALUES ($1, $2, $3, $4, $5, $6) RETURNING "id"[0m  [["name", "candle1"], ["sender", "John"], ["price", 20], ["created_at", "2020-04-03 15:03:41.916465"], ["updated_at", "2020-04-03 15:03:41.916465"], ["birthday_id", 2]]
  [1m[35m (0.4ms)[0m  [1m[35mCOMMIT[0m
  [1m[35m (1.5ms)[0m  [1m[35mBEGIN[0m
  [1m[36mBirthday Load (9.9ms)[0m  [1m[34mSELECT "birthdays".* FROM "birthdays" WHERE "birthdays"."id" = $1 LIMIT $2[0m  [["id", 3], ["LIMIT", 1]]
  [1m[36mGift Create (4.7ms)[0m  [1m[32mINSERT INTO "gifts" ("name", "sender", "price", "created_at", "updated_at", "birthday_id") VALUES ($1, $2, $3, $4, $5, $6) RETURNING "id"[0m  [["name", "candle2"], ["sender", "John"], ["price", 20], ["created_at", "2020-04-03 15:03:42.051539"], ["updated_at", "2020-04-03 15:03:42.051539"], ["birthday_id", 3]]
  [1m[35m (1.4ms)[0m  [1m[35mCOMMIT[0m
Started GET "/" for ::1 at 2020-04-03 10:08:43 -0500
  [1m[35m (1.1ms)[0m  [1m[34mSELECT "schema_migrations"."version" FROM "schema_migrations" ORDER BY "schema_migrations"."version" ASC[0m
Processing by Rails::WelcomeController#index as HTML
  Rendering /Library/Ruby/Gems/2.6.0/gems/railties-6.0.2.2/lib/rails/templates/rails/welcome/index.html.erb
  Rendered /Library/Ruby/Gems/2.6.0/gems/railties-6.0.2.2/lib/rails/templates/rails/welcome/index.html.erb (Duration: 115.7ms | Allocations: 482)
Completed 200 OK in 330ms (Views: 158.1ms | ActiveRecord: 0.0ms | Allocations: 2625)


Started GET "/birthdays" for ::1 at 2020-04-03 10:08:56 -0500
Processing by BirthdaysController#index as HTML
  [1m[36mBirthday Load (7.6ms)[0m  [1m[34mSELECT "birthdays".* FROM "birthdays"[0m
  ↳ app/controllers/birthdays_controller.rb:8:in `index'
Completed 200 OK in 92ms (Views: 38.7ms | ActiveRecord: 23.5ms | Allocations: 7534)


Started GET "/birthdays/1" for ::1 at 2020-04-03 10:09:09 -0500
Processing by BirthdaysController#show as HTML
  Parameters: {"id"=>"1"}
  [1m[36mBirthday Load (10.3ms)[0m  [1m[34mSELECT "birthdays".* FROM "birthdays" WHERE "birthdays"."id" = $1 LIMIT $2[0m  [["id", 1], ["LIMIT", 1]]
  ↳ app/controllers/birthdays_controller.rb:44:in `set_birthday'
Completed 200 OK in 49ms (Views: 0.6ms | ActiveRecord: 13.1ms | Allocations: 2362)


Started GET "/birthdays/gifts" for ::1 at 2020-04-03 10:09:13 -0500
Processing by BirthdaysController#show as HTML
  Parameters: {"id"=>"gifts"}
  [1m[36mBirthday Load (2.5ms)[0m  [1m[34mSELECT "birthdays".* FROM "birthdays" WHERE "birthdays"."id" = $1 LIMIT $2[0m  [["id", nil], ["LIMIT", 1]]
  ↳ app/controllers/birthdays_controller.rb:44:in `set_birthday'
Completed 404 Not Found in 5ms (ActiveRecord: 2.5ms | Allocations: 607)


  
ActiveRecord::RecordNotFound (Couldn't find Birthday with 'id'=gifts):
  
app/controllers/birthdays_controller.rb:44:in `set_birthday'
Started GET "/birthdays/gifts" for ::1 at 2020-04-03 10:09:20 -0500
Processing by BirthdaysController#show as HTML
  Parameters: {"id"=>"gifts"}
  [1m[36mBirthday Load (0.5ms)[0m  [1m[34mSELECT "birthdays".* FROM "birthdays" WHERE "birthdays"."id" = $1 LIMIT $2[0m  [["id", nil], ["LIMIT", 1]]
  ↳ app/controllers/birthdays_controller.rb:44:in `set_birthday'
Completed 404 Not Found in 3ms (ActiveRecord: 0.5ms | Allocations: 628)


  
ActiveRecord::RecordNotFound (Couldn't find Birthday with 'id'=gifts):
  
app/controllers/birthdays_controller.rb:44:in `set_birthday'
Started GET "/birthdays/1/gifts" for ::1 at 2020-04-03 10:09:27 -0500
Processing by GiftsController#index as HTML
  Parameters: {"birthday_id"=>"1"}
  [1m[36mGift Load (9.6ms)[0m  [1m[34mSELECT "gifts".* FROM "gifts"[0m
  ↳ app/controllers/gifts_controller.rb:8:in `index'
Completed 200 OK in 125ms (Views: 91.4ms | ActiveRecord: 20.7ms | Allocations: 6542)


Started GET "/birthdays/2/gifts" for ::1 at 2020-04-03 10:09:41 -0500
Processing by GiftsController#index as HTML
  Parameters: {"birthday_id"=>"2"}
  [1m[36mGift Load (0.7ms)[0m  [1m[34mSELECT "gifts".* FROM "gifts"[0m
  ↳ app/controllers/gifts_controller.rb:8:in `index'
Completed 200 OK in 6ms (Views: 4.7ms | ActiveRecord: 0.7ms | Allocations: 1313)


Started GET "/birthdays/3/gifts" for ::1 at 2020-04-03 10:09:57 -0500
Processing by GiftsController#index as HTML
  Parameters: {"birthday_id"=>"3"}
  [1m[36mGift Load (1.4ms)[0m  [1m[34mSELECT "gifts".* FROM "gifts"[0m
  ↳ app/controllers/gifts_controller.rb:8:in `index'
Completed 200 OK in 9ms (Views: 7.4ms | ActiveRecord: 1.4ms | Allocations: 1313)


Started GET "/birthdays/1" for ::1 at 2020-04-03 10:12:29 -0500
Processing by BirthdaysController#show as HTML
  Parameters: {"id"=>"1"}
  [1m[36mBirthday Load (0.3ms)[0m  [1m[34mSELECT "birthdays".* FROM "birthdays" WHERE "birthdays"."id" = $1 LIMIT $2[0m  [["id", 1], ["LIMIT", 1]]
  ↳ app/controllers/birthdays_controller.rb:45:in `set_birthday'
  [1m[36mGift Load (0.3ms)[0m  [1m[34mSELECT "gifts".* FROM "gifts" WHERE "gifts"."birthday_id" = $1[0m  [["birthday_id", 1]]
  ↳ app/controllers/birthdays_controller.rb:14:in `show'
Completed 200 OK in 209ms (Views: 167.9ms | ActiveRecord: 13.3ms | Allocations: 15048)


Started GET "/birthdays/1" for ::1 at 2020-04-03 10:14:08 -0500
Processing by BirthdaysController#show as HTML
  Parameters: {"id"=>"1"}
  [1m[36mBirthday Load (0.3ms)[0m  [1m[34mSELECT "birthdays".* FROM "birthdays" WHERE "birthdays"."id" = $1 LIMIT $2[0m  [["id", 1], ["LIMIT", 1]]
  ↳ app/controllers/birthdays_controller.rb:44:in `set_birthday'
  [1m[36mGift Load (1.0ms)[0m  [1m[34mSELECT "gifts".* FROM "gifts" WHERE "gifts"."birthday_id" = $1[0m  [["birthday_id", 1]]
  ↳ app/controllers/birthdays_controller.rb:13:in `show'
Completed 200 OK in 48ms (Views: 0.1ms | ActiveRecord: 10.7ms | Allocations: 11770)


Started GET "/birthdays" for ::1 at 2020-04-03 10:14:51 -0500
Processing by BirthdaysController#index as HTML
  [1m[36mBirthday Load (0.3ms)[0m  [1m[34mSELECT "birthdays".* FROM "birthdays"[0m
  ↳ app/controllers/birthdays_controller.rb:8:in `index'
  [1m[36mGift Load (0.4ms)[0m  [1m[34mSELECT "gifts".* FROM "gifts" WHERE "gifts"."birthday_id" = $1[0m  [["birthday_id", 1]]
  ↳ app/controllers/birthdays_controller.rb:8:in `index'
  [1m[36mGift Load (0.3ms)[0m  [1m[34mSELECT "gifts".* FROM "gifts" WHERE "gifts"."birthday_id" = $1[0m  [["birthday_id", 2]]
  ↳ app/controllers/birthdays_controller.rb:8:in `index'
  [1m[36mGift Load (0.3ms)[0m  [1m[34mSELECT "gifts".* FROM "gifts" WHERE "gifts"."birthday_id" = $1[0m  [["birthday_id", 3]]
  ↳ app/controllers/birthdays_controller.rb:8:in `index'
  [1m[36mGift Load (0.4ms)[0m  [1m[34mSELECT "gifts".* FROM "gifts" WHERE "gifts"."birthday_id" = $1[0m  [["birthday_id", 4]]
  ↳ app/controllers/birthdays_controller.rb:8:in `index'
  [1m[36mGift Load (0.2ms)[0m  [1m[34mSELECT "gifts".* FROM "gifts" WHERE "gifts"."birthday_id" = $1[0m  [["birthday_id", 5]]
  ↳ app/controllers/birthdays_controller.rb:8:in `index'
  [1m[36mGift Load (2.3ms)[0m  [1m[34mSELECT "gifts".* FROM "gifts" WHERE "gifts"."birthday_id" = $1[0m  [["birthday_id", 6]]
  ↳ app/controllers/birthdays_controller.rb:8:in `index'
Completed 200 OK in 573ms (Views: 0.5ms | ActiveRecord: 17.4ms | Allocations: 16647)


Started GET "/birthdays/1/gifts" for ::1 at 2020-04-03 10:15:03 -0500
Processing by GiftsController#index as HTML
  Parameters: {"birthday_id"=>"1"}
  [1m[36mGift Load (3.9ms)[0m  [1m[34mSELECT "gifts".* FROM "gifts"[0m
  ↳ app/controllers/gifts_controller.rb:8:in `index'
Completed 200 OK in 12ms (Views: 5.2ms | ActiveRecord: 3.9ms | Allocations: 1347)


Started GET "/birthdays/2/gifts" for ::1 at 2020-04-03 10:16:15 -0500
Processing by GiftsController#index as HTML
  Parameters: {"birthday_id"=>"2"}
  [1m[36mGift Load (1.3ms)[0m  [1m[34mSELECT "gifts".* FROM "gifts"[0m
  ↳ app/controllers/gifts_controller.rb:8:in `index'
Completed 200 OK in 8ms (Views: 6.2ms | ActiveRecord: 1.3ms | Allocations: 1313)


Started GET "/birthdays/1/gifts" for ::1 at 2020-04-03 10:16:25 -0500
Processing by GiftsController#index as HTML
  Parameters: {"birthday_id"=>"1"}
  [1m[36mGift Load (0.5ms)[0m  [1m[34mSELECT "gifts".* FROM "gifts"[0m
  ↳ app/controllers/gifts_controller.rb:8:in `index'
Completed 200 OK in 4ms (Views: 3.1ms | ActiveRecord: 0.5ms | Allocations: 1313)


Started GET "/birthdays/2/gifts" for ::1 at 2020-04-03 10:16:42 -0500
Processing by GiftsController#index as HTML
  Parameters: {"birthday_id"=>"2"}
  [1m[36mGift Load (1.2ms)[0m  [1m[34mSELECT "gifts".* FROM "gifts"[0m
  ↳ app/controllers/gifts_controller.rb:8:in `index'
Completed 200 OK in 6ms (Views: 3.7ms | ActiveRecord: 1.2ms | Allocations: 1313)


  [1m[36mBirthday Load (0.4ms)[0m  [1m[34mSELECT "birthdays".* FROM "birthdays" WHERE "birthdays"."id" = $1 LIMIT $2[0m  [["id", 1], ["LIMIT", 1]]
  [1m[36mGift Load (0.5ms)[0m  [1m[34mSELECT "gifts".* FROM "gifts" WHERE "gifts"."birthday_id" = $1 LIMIT $2[0m  [["birthday_id", 1], ["LIMIT", 11]]
Started GET "/birthdays" for ::1 at 2020-04-03 10:19:26 -0500
Processing by BirthdaysController#index as HTML
  [1m[36mBirthday Load (8.2ms)[0m  [1m[34mSELECT "birthdays".* FROM "birthdays"[0m
  ↳ app/controllers/birthdays_controller.rb:8:in `index'
  [1m[36mGift Load (1.7ms)[0m  [1m[34mSELECT "gifts".* FROM "gifts" WHERE "gifts"."birthday_id" = $1[0m  [["birthday_id", 1]]
  ↳ app/controllers/birthdays_controller.rb:8:in `index'
  [1m[36mGift Load (0.6ms)[0m  [1m[34mSELECT "gifts".* FROM "gifts" WHERE "gifts"."birthday_id" = $1[0m  [["birthday_id", 2]]
  ↳ app/controllers/birthdays_controller.rb:8:in `index'
  [1m[36mGift Load (12.7ms)[0m  [1m[34mSELECT "gifts".* FROM "gifts" WHERE "gifts"."birthday_id" = $1[0m  [["birthday_id", 3]]
  ↳ app/controllers/birthdays_controller.rb:8:in `index'
  [1m[36mGift Load (5.3ms)[0m  [1m[34mSELECT "gifts".* FROM "gifts" WHERE "gifts"."birthday_id" = $1[0m  [["birthday_id", 4]]
  ↳ app/controllers/birthdays_controller.rb:8:in `index'
  [1m[36mGift Load (1.1ms)[0m  [1m[34mSELECT "gifts".* FROM "gifts" WHERE "gifts"."birthday_id" = $1[0m  [["birthday_id", 5]]
  ↳ app/controllers/birthdays_controller.rb:8:in `index'
  [1m[36mGift Load (0.4ms)[0m  [1m[34mSELECT "gifts".* FROM "gifts" WHERE "gifts"."birthday_id" = $1[0m  [["birthday_id", 6]]
  ↳ app/controllers/birthdays_controller.rb:8:in `index'
Completed 200 OK in 71ms (Views: 0.2ms | ActiveRecord: 29.9ms | Allocations: 6760)


Started GET "/birthdays/1" for ::1 at 2020-04-03 10:19:37 -0500
Processing by BirthdaysController#show as HTML
  Parameters: {"id"=>"1"}
  [1m[36mBirthday Load (0.4ms)[0m  [1m[34mSELECT "birthdays".* FROM "birthdays" WHERE "birthdays"."id" = $1 LIMIT $2[0m  [["id", 1], ["LIMIT", 1]]
  ↳ app/controllers/birthdays_controller.rb:44:in `set_birthday'
  [1m[36mGift Load (0.2ms)[0m  [1m[34mSELECT "gifts".* FROM "gifts" WHERE "gifts"."birthday_id" = $1[0m  [["birthday_id", 1]]
  ↳ app/controllers/birthdays_controller.rb:13:in `show'
Completed 200 OK in 9ms (Views: 0.3ms | ActiveRecord: 0.7ms | Allocations: 1858)


Started GET "/birthdays/1/gifts" for ::1 at 2020-04-03 10:21:17 -0500
Processing by GiftsController#index as HTML
  Parameters: {"birthday_id"=>"1"}
  [1m[36mGift Load (0.4ms)[0m  [1m[34mSELECT "gifts".* FROM "gifts"[0m
  ↳ app/controllers/gifts_controller.rb:8:in `index'
Completed 200 OK in 6ms (Views: 5.5ms | ActiveRecord: 0.4ms | Allocations: 1313)


Started GET "/gifts" for ::1 at 2020-04-03 10:21:32 -0500
Processing by GiftsController#index as HTML
  [1m[36mGift Load (6.1ms)[0m  [1m[34mSELECT "gifts".* FROM "gifts"[0m
  ↳ app/controllers/gifts_controller.rb:8:in `index'
Completed 200 OK in 14ms (Views: 7.1ms | ActiveRecord: 6.1ms | Allocations: 1313)


Started GET "/birthdays" for ::1 at 2020-04-03 10:21:51 -0500
Processing by BirthdaysController#index as HTML
  [1m[36mBirthday Load (0.3ms)[0m  [1m[34mSELECT "birthdays".* FROM "birthdays"[0m
  ↳ app/controllers/birthdays_controller.rb:8:in `index'
  [1m[36mGift Load (0.2ms)[0m  [1m[34mSELECT "gifts".* FROM "gifts" WHERE "gifts"."birthday_id" = $1[0m  [["birthday_id", 1]]
  ↳ app/controllers/birthdays_controller.rb:8:in `index'
  [1m[36mGift Load (0.2ms)[0m  [1m[34mSELECT "gifts".* FROM "gifts" WHERE "gifts"."birthday_id" = $1[0m  [["birthday_id", 2]]
  ↳ app/controllers/birthdays_controller.rb:8:in `index'
  [1m[36mGift Load (0.2ms)[0m  [1m[34mSELECT "gifts".* FROM "gifts" WHERE "gifts"."birthday_id" = $1[0m  [["birthday_id", 3]]
  ↳ app/controllers/birthdays_controller.rb:8:in `index'
  [1m[36mGift Load (0.2ms)[0m  [1m[34mSELECT "gifts".* FROM "gifts" WHERE "gifts"."birthday_id" = $1[0m  [["birthday_id", 4]]
  ↳ app/controllers/birthdays_controller.rb:8:in `index'
  [1m[36mGift Load (0.7ms)[0m  [1m[34mSELECT "gifts".* FROM "gifts" WHERE "gifts"."birthday_id" = $1[0m  [["birthday_id", 5]]
  ↳ app/controllers/birthdays_controller.rb:8:in `index'
  [1m[36mGift Load (0.2ms)[0m  [1m[34mSELECT "gifts".* FROM "gifts" WHERE "gifts"."birthday_id" = $1[0m  [["birthday_id", 6]]
  ↳ app/controllers/birthdays_controller.rb:8:in `index'
Completed 200 OK in 16ms (Views: 0.1ms | ActiveRecord: 2.0ms | Allocations: 6760)


Started GET "/birthdays/1" for ::1 at 2020-04-03 10:21:52 -0500
Processing by BirthdaysController#show as HTML
  Parameters: {"id"=>"1"}
  [1m[36mBirthday Load (1.1ms)[0m  [1m[34mSELECT "birthdays".* FROM "birthdays" WHERE "birthdays"."id" = $1 LIMIT $2[0m  [["id", 1], ["LIMIT", 1]]
  ↳ app/controllers/birthdays_controller.rb:44:in `set_birthday'
  [1m[36mGift Load (1.5ms)[0m  [1m[34mSELECT "gifts".* FROM "gifts" WHERE "gifts"."birthday_id" = $1[0m  [["birthday_id", 1]]
  ↳ app/controllers/birthdays_controller.rb:13:in `show'
Completed 200 OK in 13ms (Views: 0.6ms | ActiveRecord: 2.7ms | Allocations: 1756)


Started GET "/birthdays/" for ::1 at 2020-04-03 10:22:14 -0500
Processing by BirthdaysController#index as HTML
  [1m[36mBirthday Load (2.1ms)[0m  [1m[34mSELECT "birthdays".* FROM "birthdays"[0m
  ↳ app/controllers/birthdays_controller.rb:8:in `index'
  [1m[36mGift Load (2.1ms)[0m  [1m[34mSELECT "gifts".* FROM "gifts" WHERE "gifts"."birthday_id" = $1[0m  [["birthday_id", 1]]
  ↳ app/controllers/birthdays_controller.rb:8:in `index'
  [1m[36mGift Load (6.6ms)[0m  [1m[34mSELECT "gifts".* FROM "gifts" WHERE "gifts"."birthday_id" = $1[0m  [["birthday_id", 2]]
  ↳ app/controllers/birthdays_controller.rb:8:in `index'
  [1m[36mGift Load (10.6ms)[0m  [1m[34mSELECT "gifts".* FROM "gifts" WHERE "gifts"."birthday_id" = $1[0m  [["birthday_id", 3]]
  ↳ app/controllers/birthdays_controller.rb:8:in `index'
  [1m[36mGift Load (1.9ms)[0m  [1m[34mSELECT "gifts".* FROM "gifts" WHERE "gifts"."birthday_id" = $1[0m  [["birthday_id", 4]]
  ↳ app/controllers/birthdays_controller.rb:8:in `index'
  [1m[36mGift Load (1.4ms)[0m  [1m[34mSELECT "gifts".* FROM "gifts" WHERE "gifts"."birthday_id" = $1[0m  [["birthday_id", 5]]
  ↳ app/controllers/birthdays_controller.rb:8:in `index'
  [1m[36mGift Load (0.4ms)[0m  [1m[34mSELECT "gifts".* FROM "gifts" WHERE "gifts"."birthday_id" = $1[0m  [["birthday_id", 6]]
  ↳ app/controllers/birthdays_controller.rb:8:in `index'
Completed 200 OK in 117ms (Views: 0.1ms | ActiveRecord: 25.3ms | Allocations: 6763)


Started GET "/birthdays/1" for ::1 at 2020-04-03 10:22:23 -0500
Processing by BirthdaysController#show as HTML
  Parameters: {"id"=>"1"}
  [1m[36mBirthday Load (1.9ms)[0m  [1m[34mSELECT "birthdays".* FROM "birthdays" WHERE "birthdays"."id" = $1 LIMIT $2[0m  [["id", 1], ["LIMIT", 1]]
  ↳ app/controllers/birthdays_controller.rb:44:in `set_birthday'
  [1m[36mGift Load (3.7ms)[0m  [1m[34mSELECT "gifts".* FROM "gifts" WHERE "gifts"."birthday_id" = $1[0m  [["birthday_id", 1]]
  ↳ app/controllers/birthdays_controller.rb:13:in `show'
Completed 200 OK in 17ms (Views: 0.1ms | ActiveRecord: 5.6ms | Allocations: 1756)


Started GET "/gifts" for ::1 at 2020-04-03 10:24:00 -0500
Processing by GiftsController#index as HTML
  [1m[36mGift Load (0.6ms)[0m  [1m[34mSELECT "gifts".* FROM "gifts"[0m
  ↳ app/controllers/gifts_controller.rb:8:in `index'
Completed 200 OK in 11ms (Views: 9.4ms | ActiveRecord: 0.6ms | Allocations: 1313)


Started GET "/gifts/1" for ::1 at 2020-04-03 10:24:07 -0500
Processing by GiftsController#show as HTML
  Parameters: {"id"=>"1"}
  [1m[36mGift Load (5.7ms)[0m  [1m[34mSELECT "gifts".* FROM "gifts" WHERE "gifts"."id" = $1 LIMIT $2[0m  [["id", 1], ["LIMIT", 1]]
  ↳ app/controllers/gifts_controller.rb:44:in `set_gift'
Completed 200 OK in 15ms (Views: 0.9ms | ActiveRecord: 5.7ms | Allocations: 827)


Started GET "/birthdays/1" for ::1 at 2020-04-03 10:24:14 -0500
Processing by BirthdaysController#show as HTML
  Parameters: {"id"=>"1"}
  [1m[36mBirthday Load (1.0ms)[0m  [1m[34mSELECT "birthdays".* FROM "birthdays" WHERE "birthdays"."id" = $1 LIMIT $2[0m  [["id", 1], ["LIMIT", 1]]
  ↳ app/controllers/birthdays_controller.rb:44:in `set_birthday'
  [1m[36mGift Load (1.2ms)[0m  [1m[34mSELECT "gifts".* FROM "gifts" WHERE "gifts"."birthday_id" = $1[0m  [["birthday_id", 1]]
  ↳ app/controllers/birthdays_controller.rb:13:in `show'
Completed 200 OK in 10ms (Views: 0.2ms | ActiveRecord: 2.2ms | Allocations: 1756)


